211013 19:16:46 mysqld_safe Starting mysqld daemon with databases from /var/lib/mysql
2021-10-13 19:16:46 0 [Note] /usr/sbin/mysqld (mysqld 10.3.31-MariaDB-0+deb10u1) starting as process 113 ...
2021-10-13 19:16:46 0 [Warning] Setting lower_case_table_names=2 because file system for /var/lib/mysql/ is case insensitive
2021-10-13 19:16:46 0 [Note] InnoDB: Using Linux native AIO
2021-10-13 19:16:46 0 [Note] InnoDB: Mutexes and rw_locks use GCC atomic builtins
2021-10-13 19:16:46 0 [Note] InnoDB: Uses event mutexes
2021-10-13 19:16:46 0 [Note] InnoDB: Compressed tables use zlib 1.2.11
2021-10-13 19:16:46 0 [Note] InnoDB: Number of pools: 1
2021-10-13 19:16:46 0 [Note] InnoDB: Using SSE2 crc32 instructions
2021-10-13 19:16:46 0 [Note] InnoDB: Initializing buffer pool, total size = 128M, instances = 1, chunk size = 128M
2021-10-13 19:16:46 0 [Note] InnoDB: Completed initialization of buffer pool
2021-10-13 19:16:46 0 [Note] InnoDB: If the mysqld execution user is authorized, page cleaner thread priority can be changed. See the man page of setpriority().
2021-10-13 19:16:47 0 [Note] InnoDB: Starting crash recovery from checkpoint LSN=48579
2021-10-13 19:16:48 0 [Note] InnoDB: Starting final batch to recover 13 pages from redo log.
2021-10-13 19:16:48 0 [Note] InnoDB: 128 out of 128 rollback segments are active.
2021-10-13 19:16:48 0 [Note] InnoDB: Removed temporary tablespace data file: "ibtmp1"
2021-10-13 19:16:48 0 [Note] InnoDB: Creating shared tablespace for temporary tables
2021-10-13 19:16:48 0 [Note] InnoDB: Setting file './ibtmp1' size to 12 MB. Physically writing the file full; Please wait ...
2021-10-13 19:16:48 0 [Note] InnoDB: File './ibtmp1' size is now 12 MB.
2021-10-13 19:16:48 0 [Note] InnoDB: Waiting for purge to start
2021-10-13 19:16:48 0 [Note] InnoDB: 10.3.31 started; log sequence number 1601327; transaction id 8
2021-10-13 19:16:48 0 [Note] Plugin 'FEEDBACK' is disabled.
2021-10-13 19:16:48 0 [Note] InnoDB: Loading buffer pool(s) from /var/lib/mysql/ib_buffer_pool
2021-10-13 19:16:48 0 [ERROR] Could not open mysql.plugin table. Some plugins may be not loaded
2021-10-13 19:16:48 0 [Note] InnoDB: Cannot open '/var/lib/mysql/ib_buffer_pool' for reading: No such file or directory
2021-10-13 19:16:48 0 [Note] Recovering after a crash using tc.log
2021-10-13 19:16:49 0 [Note] Starting crash recovery...
2021-10-13 19:16:49 0 [Note] Crash recovery finished.
2021-10-13 19:16:49 0 [ERROR] Can't open and lock privilege tables: Table 'mysql.servers' doesn't exist
2021-10-13 19:16:49 0 [Note] Server socket created on IP: '0.0.0.0'.
2021-10-13 19:16:49 0 [ERROR] Fatal error: Can't open and lock privilege tables: Table 'mysql.user' doesn't exist
211013 19:16:49 mysqld_safe mysqld from pid file /var/lib/mysql/27ad3402972c.pid ended
211013 19:17:17 mysqld_safe Starting mysqld daemon with databases from /var/lib/mysql
2021-10-13 19:17:17 0 [Note] /usr/sbin/mysqld (mysqld 10.3.31-MariaDB-0+deb10u1) starting as process 535 ...
2021-10-13 19:17:17 0 [Warning] Setting lower_case_table_names=2 because file system for /var/lib/mysql/ is case insensitive
2021-10-13 19:17:17 0 [Note] InnoDB: Using Linux native AIO
2021-10-13 19:17:17 0 [Note] InnoDB: Mutexes and rw_locks use GCC atomic builtins
2021-10-13 19:17:17 0 [Note] InnoDB: Uses event mutexes
2021-10-13 19:17:17 0 [Note] InnoDB: Compressed tables use zlib 1.2.11
2021-10-13 19:17:17 0 [Note] InnoDB: Number of pools: 1
2021-10-13 19:17:17 0 [Note] InnoDB: Using SSE2 crc32 instructions
2021-10-13 19:17:17 0 [Note] InnoDB: Initializing buffer pool, total size = 128M, instances = 1, chunk size = 128M
2021-10-13 19:17:17 0 [Note] InnoDB: Completed initialization of buffer pool
2021-10-13 19:17:17 0 [Note] InnoDB: If the mysqld execution user is authorized, page cleaner thread priority can be changed. See the man page of setpriority().
2021-10-13 19:17:17 0 [Note] InnoDB: Starting crash recovery from checkpoint LSN=48579
2021-10-13 19:17:21 0 [Note] InnoDB: Starting final batch to recover 13 pages from redo log.
2021-10-13 19:17:21 0 [Note] InnoDB: 128 out of 128 rollback segments are active.
2021-10-13 19:17:22 0 [Note] InnoDB: Removed temporary tablespace data file: "ibtmp1"
2021-10-13 19:17:22 0 [Note] InnoDB: Creating shared tablespace for temporary tables
2021-10-13 19:17:22 0 [Note] InnoDB: Setting file './ibtmp1' size to 12 MB. Physically writing the file full; Please wait ...
2021-10-13 19:17:22 0 [Note] InnoDB: File './ibtmp1' size is now 12 MB.
2021-10-13 19:17:22 0 [Note] InnoDB: Waiting for purge to start
2021-10-13 19:17:22 0 [Note] InnoDB: 10.3.31 started; log sequence number 1602128; transaction id 8
2021-10-13 19:17:23 0 [Note] Plugin 'FEEDBACK' is disabled.
2021-10-13 19:17:23 0 [Note] InnoDB: Loading buffer pool(s) from /var/lib/mysql/ib_buffer_pool
2021-10-13 19:17:23 0 [ERROR] Could not open mysql.plugin table. Some plugins may be not loaded
2021-10-13 19:17:23 0 [Note] InnoDB: Cannot open '/var/lib/mysql/ib_buffer_pool' for reading: No such file or directory
2021-10-13 19:17:23 0 [Note] Recovering after a crash using tc.log
2021-10-13 19:17:23 0 [Note] Starting crash recovery...
2021-10-13 19:17:23 0 [Note] Crash recovery finished.
2021-10-13 19:17:23 0 [ERROR] Can't open and lock privilege tables: Table 'mysql.servers' doesn't exist
2021-10-13 19:17:23 0 [Note] Server socket created on IP: '0.0.0.0'.
2021-10-13 19:17:23 0 [ERROR] Fatal error: Can't open and lock privilege tables: Table 'mysql.user' doesn't exist
211013 19:17:23 mysqld_safe mysqld from pid file /var/lib/mysql/27ad3402972c.pid ended
